android/app/build/intermediates/manifest_merge_blame_file/debug/manifest-merger-blame-debug-report.txt
1<?xml version="1.0" encoding="utf-8"?>
2<manifest xmlns:android="http://schemas.android.com/apk/res/android"
3    package="com.uifyp"
4    android:versionCode="1"
5    android:versionName="1.0" >
6
7    <uses-sdk
8        android:minSdkVersion="21"
9        android:targetSdkVersion="33" />
10
11    <uses-permission android:name="android.permission.SYSTEM_ALERT_WINDOW" />
11-->src\debug\AndroidManifest.xml:5:5-77
11-->src\debug\AndroidManifest.xml:5:22-75
12    <uses-permission android:name="android.permission.INTERNET" />
12-->src\main\AndroidManifest.xml:3:5-67
12-->src\main\AndroidManifest.xml:3:22-64
13    <uses-permission android:name="android.permission.CAMERA" />
13-->src\main\AndroidManifest.xml:4:5-65
13-->src\main\AndroidManifest.xml:4:22-62
14    <uses-permission android:name="android.permission.READ_EXTERNAL_STORAGE" />
14-->src\main\AndroidManifest.xml:5:5-80
14-->src\main\AndroidManifest.xml:5:22-77
15    <uses-permission android:name="android.permission.WRITE_EXTERNAL_STORAGE" />
15-->src\main\AndroidManifest.xml:6:5-81
15-->src\main\AndroidManifest.xml:6:22-78
16    <uses-permission android:name="android.permission.RECORD_AUDIO" />
16-->src\main\AndroidManifest.xml:7:5-70
16-->src\main\AndroidManifest.xml:7:22-68
17
18    <uses-permission-sdk-23 android:name="android.permission.VIBRATE" />
18-->src\main\AndroidManifest.xml:8:5-72
18-->src\main\AndroidManifest.xml:8:29-70
19
20    <uses-permission android:name="android.permission.ACCESS_WIFI_STATE" />
20-->[com.facebook.flipper:flipper:0.182.0] AndroidManifest.xml:16:5-76
20-->[com.facebook.flipper:flipper:0.182.0] AndroidManifest.xml:16:22-73
21    <uses-permission android:name="android.permission.VIBRATE" />
21-->[:react-native-haptic-feedback] AndroidManifest.xml:7:5-66
21-->[:react-native-haptic-feedback] AndroidManifest.xml:7:22-63
22    <uses-permission android:name="android.permission.FLASHLIGHT" />
22-->[:react-native-torch] AndroidManifest.xml:8:5-69
22-->[:react-native-torch] AndroidManifest.xml:8:22-66
23
24    <queries>
24-->[androidx.camera:camera-extensions:1.1.0] AndroidManifest.xml:24:5-28:15
25        <intent>
25-->[androidx.camera:camera-extensions:1.1.0] AndroidManifest.xml:25:9-27:18
26            <action android:name="androidx.camera.extensions.action.VENDOR_ACTION" />
26-->[androidx.camera:camera-extensions:1.1.0] AndroidManifest.xml:26:13-86
26-->[androidx.camera:camera-extensions:1.1.0] AndroidManifest.xml:26:21-83
27        </intent>
28    </queries> <!-- Although the *SdkVersion is captured in gradle build files, this is required for non gradle builds -->
29    <!-- <uses-sdk android:minSdkVersion="14"/> -->
30    <uses-permission android:name="android.permission.ACCESS_NETWORK_STATE" />
30-->[com.google.android.datatransport:transport-backend-cct:2.3.3] AndroidManifest.xml:25:5-79
30-->[com.google.android.datatransport:transport-backend-cct:2.3.3] AndroidManifest.xml:25:22-76
31
32    <application
32-->src\main\AndroidManifest.xml:9:5-30:19
33        android:name="com.uifyp.MainApplication"
33-->src\main\AndroidManifest.xml:10:7-38
34        android:allowBackup="false"
34-->src\main\AndroidManifest.xml:14:7-34
35        android:appComponentFactory="androidx.core.app.CoreComponentFactory"
35-->[androidx.core:core:1.7.0] AndroidManifest.xml:24:18-86
36        android:debuggable="true"
37        android:icon="@mipmap/ic_launcher"
37-->src\main\AndroidManifest.xml:12:7-41
38        android:label="@string/app_name"
38-->src\main\AndroidManifest.xml:11:7-39
39        android:roundIcon="@mipmap/ic_launcher_round"
39-->src\main\AndroidManifest.xml:13:7-52
40        android:supportsRtl="true"
40-->src\main\AndroidManifest.xml:16:7-33
41        android:theme="@style/AppTheme"
41-->src\main\AndroidManifest.xml:15:7-38
42        android:usesCleartextTraffic="true" >
42-->src\debug\AndroidManifest.xml:8:9-44
43        <activity
43-->src\debug\AndroidManifest.xml:11:9-111
44            android:name="com.facebook.react.devsupport.DevSettingsActivity"
44-->src\debug\AndroidManifest.xml:11:19-83
45            android:exported="false" />
45-->src\debug\AndroidManifest.xml:11:84-108
46        <activity
46-->src\main\AndroidManifest.xml:17:7-29:18
47            android:name="com.uifyp.MainActivity"
47-->src\main\AndroidManifest.xml:18:9-37
48            android:configChanges="keyboard|keyboardHidden|orientation|screenLayout|screenSize|smallestScreenSize|uiMode"
48-->src\main\AndroidManifest.xml:20:9-118
49            android:exported="true"
49-->src\main\AndroidManifest.xml:23:9-32
50            android:label="@string/app_name"
50-->src\main\AndroidManifest.xml:19:9-41
51            android:launchMode="singleTask"
51-->src\main\AndroidManifest.xml:21:9-40
52            android:supportsRtl="true"
52-->src\main\AndroidManifest.xml:24:9-35
53            android:windowSoftInputMode="adjustResize" >
53-->src\main\AndroidManifest.xml:22:9-51
54            <intent-filter>
54-->src\main\AndroidManifest.xml:25:9-28:25
55                <action android:name="android.intent.action.MAIN" />
55-->src\main\AndroidManifest.xml:26:13-65
55-->src\main\AndroidManifest.xml:26:21-62
56
57                <category android:name="android.intent.category.LAUNCHER" />
57-->src\main\AndroidManifest.xml:27:13-73
57-->src\main\AndroidManifest.xml:27:23-70
58            </intent-filter>
59        </activity>
60
61        <uses-library
61-->[androidx.camera:camera-extensions:1.1.0] AndroidManifest.xml:31:9-33:40
62            android:name="androidx.camera.extensions.impl"
62-->[androidx.camera:camera-extensions:1.1.0] AndroidManifest.xml:32:13-59
63            android:required="false" />
63-->[androidx.camera:camera-extensions:1.1.0] AndroidManifest.xml:33:13-37
64
65        <service
65-->[androidx.camera:camera-camera2:1.1.0] AndroidManifest.xml:26:9-35:19
66            android:name="androidx.camera.core.impl.MetadataHolderService"
66-->[androidx.camera:camera-camera2:1.1.0] AndroidManifest.xml:27:13-75
67            android:enabled="false"
67-->[androidx.camera:camera-camera2:1.1.0] AndroidManifest.xml:28:13-36
68            android:exported="false" >
68-->[androidx.camera:camera-camera2:1.1.0] AndroidManifest.xml:29:13-37
69            <meta-data
69-->[androidx.camera:camera-camera2:1.1.0] AndroidManifest.xml:32:13-34:89
70                android:name="androidx.camera.core.impl.MetadataHolderService.DEFAULT_CONFIG_PROVIDER"
70-->[androidx.camera:camera-camera2:1.1.0] AndroidManifest.xml:33:17-103
71                android:value="androidx.camera.camera2.Camera2Config$DefaultProvider" />
71-->[androidx.camera:camera-camera2:1.1.0] AndroidManifest.xml:34:17-86
72        </service>
73
74        <meta-data
74-->[com.facebook.soloader:soloader:0.10.5] AndroidManifest.xml:12:9-14:37
75            android:name="com.facebook.soloader.enabled"
75-->[com.facebook.soloader:soloader:0.10.5] AndroidManifest.xml:13:13-57
76            android:value="false" />
76-->[com.facebook.soloader:soloader:0.10.5] AndroidManifest.xml:14:13-34
77
78        <service
78-->[com.google.android.gms:play-services-mlkit-barcode-scanning:16.2.1] AndroidManifest.xml:9:9-15:19
79            android:name="com.google.mlkit.common.internal.MlKitComponentDiscoveryService"
79-->[com.google.android.gms:play-services-mlkit-barcode-scanning:16.2.1] AndroidManifest.xml:10:13-91
80            android:directBootAware="true"
80-->[com.google.mlkit:common:17.3.0] AndroidManifest.xml:17:13-43
81            android:exported="false" >
81-->[com.google.android.gms:play-services-mlkit-barcode-scanning:16.2.1] AndroidManifest.xml:11:13-37
82            <meta-data
82-->[com.google.android.gms:play-services-mlkit-barcode-scanning:16.2.1] AndroidManifest.xml:12:13-14:85
83                android:name="com.google.firebase.components:com.google.mlkit.vision.barcode.internal.BarcodeRegistrar"
83-->[com.google.android.gms:play-services-mlkit-barcode-scanning:16.2.1] AndroidManifest.xml:13:17-120
84                android:value="com.google.firebase.components.ComponentRegistrar" />
84-->[com.google.android.gms:play-services-mlkit-barcode-scanning:16.2.1] AndroidManifest.xml:14:17-82
85            <meta-data
85-->[com.google.mlkit:vision-common:16.5.0] AndroidManifest.xml:12:13-14:85
86                android:name="com.google.firebase.components:com.google.mlkit.vision.common.internal.VisionCommonRegistrar"
86-->[com.google.mlkit:vision-common:16.5.0] AndroidManifest.xml:13:17-124
87                android:value="com.google.firebase.components.ComponentRegistrar" />
87-->[com.google.mlkit:vision-common:16.5.0] AndroidManifest.xml:14:17-82
88            <meta-data
88-->[com.google.mlkit:common:17.3.0] AndroidManifest.xml:20:13-22:85
89                android:name="com.google.firebase.components:com.google.mlkit.common.internal.CommonComponentRegistrar"
89-->[com.google.mlkit:common:17.3.0] AndroidManifest.xml:21:17-120
90                android:value="com.google.firebase.components.ComponentRegistrar" />
90-->[com.google.mlkit:common:17.3.0] AndroidManifest.xml:22:17-82
91        </service>
92
93        <provider
93-->[com.google.mlkit:common:17.3.0] AndroidManifest.xml:9:9-13:38
94            android:name="com.google.mlkit.common.internal.MlKitInitProvider"
94-->[com.google.mlkit:common:17.3.0] AndroidManifest.xml:10:13-78
95            android:authorities="com.uifyp.mlkitinitprovider"
95-->[com.google.mlkit:common:17.3.0] AndroidManifest.xml:11:13-69
96            android:exported="false"
96-->[com.google.mlkit:common:17.3.0] AndroidManifest.xml:12:13-37
97            android:initOrder="99" />
97-->[com.google.mlkit:common:17.3.0] AndroidManifest.xml:13:13-35
98
99        <activity
99-->[com.google.android.gms:play-services-base:17.6.0] AndroidManifest.xml:23:9-26:75
100            android:name="com.google.android.gms.common.api.GoogleApiActivity"
100-->[com.google.android.gms:play-services-base:17.6.0] AndroidManifest.xml:24:13-79
101            android:exported="false"
101-->[com.google.android.gms:play-services-base:17.6.0] AndroidManifest.xml:25:13-37
102            android:theme="@android:style/Theme.Translucent.NoTitleBar" />
102-->[com.google.android.gms:play-services-base:17.6.0] AndroidManifest.xml:26:13-72
103
104        <meta-data
104-->[com.google.android.gms:play-services-basement:17.6.0] AndroidManifest.xml:23:9-25:69
105            android:name="com.google.android.gms.version"
105-->[com.google.android.gms:play-services-basement:17.6.0] AndroidManifest.xml:24:13-58
106            android:value="@integer/google_play_services_version" />
106-->[com.google.android.gms:play-services-basement:17.6.0] AndroidManifest.xml:25:13-66
107
108        <provider
108-->[androidx.emoji2:emoji2:1.0.0] AndroidManifest.xml:26:9-34:20
109            android:name="androidx.startup.InitializationProvider"
109-->[androidx.emoji2:emoji2:1.0.0] AndroidManifest.xml:27:13-67
110            android:authorities="com.uifyp.androidx-startup"
110-->[androidx.emoji2:emoji2:1.0.0] AndroidManifest.xml:28:13-68
111            android:exported="false" >
111-->[androidx.emoji2:emoji2:1.0.0] AndroidManifest.xml:29:13-37
112            <meta-data
112-->[androidx.emoji2:emoji2:1.0.0] AndroidManifest.xml:31:13-33:52
113                android:name="androidx.emoji2.text.EmojiCompatInitializer"
113-->[androidx.emoji2:emoji2:1.0.0] AndroidManifest.xml:32:17-75
114                android:value="androidx.startup" />
114-->[androidx.emoji2:emoji2:1.0.0] AndroidManifest.xml:33:17-49
115            <meta-data
115-->[androidx.lifecycle:lifecycle-process:2.4.0] AndroidManifest.xml:31:13-33:52
116                android:name="androidx.lifecycle.ProcessLifecycleInitializer"
116-->[androidx.lifecycle:lifecycle-process:2.4.0] AndroidManifest.xml:32:17-78
117                android:value="androidx.startup" />
117-->[androidx.lifecycle:lifecycle-process:2.4.0] AndroidManifest.xml:33:17-49
118        </provider>
119
120        <service
120-->[com.google.android.datatransport:transport-backend-cct:2.3.3] AndroidManifest.xml:29:9-35:19
121            android:name="com.google.android.datatransport.runtime.backends.TransportBackendDiscovery"
121-->[com.google.android.datatransport:transport-backend-cct:2.3.3] AndroidManifest.xml:30:13-103
122            android:exported="false" >
122-->[com.google.android.datatransport:transport-backend-cct:2.3.3] AndroidManifest.xml:31:13-37
123            <meta-data
123-->[com.google.android.datatransport:transport-backend-cct:2.3.3] AndroidManifest.xml:32:13-34:39
124                android:name="backend:com.google.android.datatransport.cct.CctBackendFactory"
124-->[com.google.android.datatransport:transport-backend-cct:2.3.3] AndroidManifest.xml:33:17-94
125                android:value="cct" />
125-->[com.google.android.datatransport:transport-backend-cct:2.3.3] AndroidManifest.xml:34:17-36
126        </service>
127        <service
127-->[com.google.android.datatransport:transport-runtime:2.2.6] AndroidManifest.xml:26:9-30:19
128            android:name="com.google.android.datatransport.runtime.scheduling.jobscheduling.JobInfoSchedulerService"
128-->[com.google.android.datatransport:transport-runtime:2.2.6] AndroidManifest.xml:27:13-117
129            android:exported="false"
129-->[com.google.android.datatransport:transport-runtime:2.2.6] AndroidManifest.xml:28:13-37
130            android:permission="android.permission.BIND_JOB_SERVICE" >
130-->[com.google.android.datatransport:transport-runtime:2.2.6] AndroidManifest.xml:29:13-69
131        </service>
132
133        <receiver
133-->[com.google.android.datatransport:transport-runtime:2.2.6] AndroidManifest.xml:32:9-34:40
134            android:name="com.google.android.datatransport.runtime.scheduling.jobscheduling.AlarmManagerSchedulerBroadcastReceiver"
134-->[com.google.android.datatransport:transport-runtime:2.2.6] AndroidManifest.xml:33:13-132
135            android:exported="false" />
135-->[com.google.android.datatransport:transport-runtime:2.2.6] AndroidManifest.xml:34:13-37
136    </application>
137
138</manifest>